InitShader.obj : error LNK2019: unresolved external symbol __imp____glewAttachShader referenced in function "unsigned int __cdecl Angel::InitShader(char const *,char const *)" (?InitShader@Angel@@YAIPBD0@Z)
InitShader.obj : error LNK2019: unresolved external symbol __imp____glewCompileShader referenced in function "unsigned int __cdecl Angel::InitShader(char const *,char const *)" (?InitShader@Angel@@YAIPBD0@Z)
InitShader.obj : error LNK2019: unresolved external symbol __imp____glewCreateProgram referenced in function "unsigned int __cdecl Angel::InitShader(char const *,char const *)" (?InitShader@Angel@@YAIPBD0@Z)
InitShader.obj : error LNK2019: unresolved external symbol __imp____glewCreateShader referenced in function "unsigned int __cdecl Angel::InitShader(char const *,char const *)" (?InitShader@Angel@@YAIPBD0@Z)
InitShader.obj : error LNK2019: unresolved external symbol __imp____glewLinkProgram referenced in function "unsigned int __cdecl Angel::InitShader(char const *,char const *)" (?InitShader@Angel@@YAIPBD0@Z)
InitShader.obj : error LNK2019: unresolved external symbol __imp____glewShaderSource referenced in function "unsigned int __cdecl Angel::InitShader(char const *,char const *)" (?InitShader@Angel@@YAIPBD0@Z)
Lab3.obj : error LNK2019: unresolved external symbol __imp__glewInit@0 referenced in function _main
Lab3.obj : error LNK2019: unresolved external symbol __imp__glutInitWindowPosition@8 referenced in function _main
Lab3.obj : error LNK2019: unresolved external symbol __imp__glutInitWindowSize@8 referenced in function _main
Lab3.obj : error LNK2019: unresolved external symbol __imp__glutInitDisplayMode@4 referenced in function _main
Lab3.obj : error LNK2019: unresolved external symbol __imp__glutMainLoop@0 referenced in function _main
Lab3.obj : error LNK2019: unresolved external symbol __imp__glutPostRedisplay@0 referenced in function "void __cdecl idle(void)" (?idle@@YAXXZ)
Lab3.obj : error LNK2019: unresolved external symbol __imp__glutSwapBuffers@0 referenced in function "void __cdecl display(void)" (?display@@YAXXZ)
Lab3.obj : error LNK2019: unresolved external symbol __imp__glutIdleFunc@4 referenced in function "void __cdecl keyboard(unsigned char,int,int)" (?keyboard@@YAXEHH@Z)
Lab3.obj : error LNK2019: unresolved external symbol __imp__glutKeyboardFunc@4 referenced in function _main
Lab3.obj : error LNK2019: unresolved external symbol __imp__glutReshapeFunc@4 referenced in function _main
Lab3.obj : error LNK2019: unresolved external symbol __imp__glutDisplayFunc@4 referenced in function _main
Lab3.obj : error LNK2019: unresolved external symbol __imp____glutInitWithExit@12 referenced in function _glutInit_ATEXIT_HACK@8
Lab3.obj : error LNK2019: unresolved external symbol __imp____glutCreateWindowWithExit@8 referenced in function _glutCreateWindow_ATEXIT_HACK@4
Lab3.obj : error LNK2019: unresolved external symbol __imp____glewBindBuffer referenced in function "void __cdecl init(void)" (?init@@YAXXZ)
Lab3.obj : error LNK2019: unresolved external symbol __imp____glewBufferData referenced in function "void __cdecl init(void)" (?init@@YAXXZ)
Lab3.obj : error LNK2019: unresolved external symbol __imp____glewBufferSubData referenced in function "void __cdecl init(void)" (?init@@YAXXZ)
Lab3.obj : error LNK2019: unresolved external symbol __imp____glewGenBuffers referenced in function "void __cdecl init(void)" (?init@@YAXXZ)
Lab3.obj : error LNK2019: unresolved external symbol __imp____glewEnableVertexAttribArray referenced in function "void __cdecl init(void)" (?init@@YAXXZ)
Lab3.obj : error LNK2019: unresolved external symbol __imp____glewGetAttribLocation referenced in function "void __cdecl init(void)" (?init@@YAXXZ)
Lab3.obj : error LNK2019: unresolved external symbol __imp____glewGetUniformLocation referenced in function "void __cdecl display(void)" (?display@@YAXXZ)
Lab3.obj : error LNK2019: unresolved external symbol __imp____glewUniformMatrix4fv referenced in function "void __cdecl display(void)" (?display@@YAXXZ)
Lab3.obj : error LNK2019: unresolved external symbol __imp____glewUseProgram referenced in function "void __cdecl display(void)" (?display@@YAXXZ)
Lab3.obj : error LNK2019: unresolved external symbol __imp____glewVertexAttribPointer referenced in function "void __cdecl init(void)" (?init@@YAXXZ)
Lab3.obj : error LNK2019: unresolved external symbol __imp____glewBindVertexArray referenced in function "void __cdecl drawLSystem(unsigned int,int)" (?drawLSystem@@YAXIH@Z)
Lab3.obj : error LNK2019: unresolved external symbol __imp____glewGenVertexArrays referenced in function "void __cdecl init(void)" (?init@@YAXXZ)
Lab3.obj : error LNK2019: unresolved external symbol __imp__glewExperimental referenced in function _main
C:\Program Files (x86)\Windows Kits\10\lib\10.0.19041.0\um\x86\freeglut.lib : warning LNK4272: library machine type 'x64' conflicts with target machine type 'x86'
C:\Users\linho\Desktop\CSE5542\Homework\CSE5542Lab3\CSE5542Lab3\Debug\CSE5542Lab3.exe : fatal error LNK1120: 32 unresolved externals
